Final/Accounting/aChartEngine/build/outputs/logs/manifest-merger-debug-report.txt
-- Merging decision tree log ---
manifest
ADDED from src\main\AndroidManifest.xml:2:1-27:12
INJECTED from src\main\AndroidManifest.xml:2:1-27:12
INJECTED from src\main\AndroidManifest.xml:2:1-27:12
INJECTED from src\main\AndroidManifest.xml:2:1-27:12
INJECTED from src\main\AndroidManifest.xml:2:1-27:12
INJECTED from src\main\AndroidManifest.xml:2:1-27:12
INJECTED from src\main\AndroidManifest.xml:2:1-27:12
	package
		ADDED from src\main\AndroidManifest.xml:3:5-46
		INJECTED from src\main\AndroidManifest.xml
		INJECTED from src\main\AndroidManifest.xml
	android:versionName
		ADDED from src\main\AndroidManifest.xml:5:5-32
		INJECTED from src\main\AndroidManifest.xml
		INJECTED from src\main\AndroidManifest.xml
	xmlns:android
		ADDED from src\main\AndroidManifest.xml:2:11-69
	android:versionCode
		ADDED from src\main\AndroidManifest.xml:4:5-28
		INJECTED from src\main\AndroidManifest.xml
		INJECTED from src\main\AndroidManifest.xml
	android:installLocation
		ADDED from src\main\AndroidManifest.xml:5:33-63
	android:allowBackup
		ADDED from src\main\AndroidManifest.xml:5:64-90
application
ADDED from src\main\AndroidManifest.xml:7:5-23:19
	android:label
		ADDED from src\main\AndroidManifest.xml:9:9-41
	android:icon
		ADDED from src\main\AndroidManifest.xml:8:9-46
activity#org.achartengine.chartdemo.demo.ChartDemo
ADDED from src\main\AndroidManifest.xml:10:9-18:20
	android:label
		ADDED from src\main\AndroidManifest.xml:12:13-46
	android:name
		ADDED from src\main\AndroidManifest.xml:11:13-38
intent-filter#action:name:android.intent.action.MAIN+category:name:android.intent.category.LAUNCHER
ADDED from src\main\AndroidManifest.xml:13:13-17:29
action#android.intent.action.MAIN
ADDED from src\main\AndroidManifest.xml:14:17-69
	android:name
		ADDED from src\main\AndroidManifest.xml:14:25-66
category#android.intent.category.LAUNCHER
ADDED from src\main\AndroidManifest.xml:16:17-77
	android:name
		ADDED from src\main\AndroidManifest.xml:16:27-74
activity#org.achartengine.chartdemo.demo.chart.XYChartBuilder
ADDED from src\main\AndroidManifest.xml:19:9-89
	android:name
		ADDED from src\main\AndroidManifest.xml:19:19-86
activity#org.achartengine.chartdemo.demo.chart.PieChartBuilder
ADDED from src\main\AndroidManifest.xml:20:9-90
	android:name
		ADDED from src\main\AndroidManifest.xml:20:19-87
activity#org.achartengine.GraphicalActivity
ADDED from src\main\AndroidManifest.xml:21:9-71
	android:name
		ADDED from src\main\AndroidManifest.xml:21:19-68
activity#org.achartengine.chartdemo.demo.GeneratedChartDemo
ADDED from src\main\AndroidManifest.xml:22:9-56
	android:name
		ADDED from src\main\AndroidManifest.xml:22:19-53